<?xml version="1.0" encoding="utf-8"?><testsuites name="pytest tests"><testsuite name="pytest" errors="0" failures="0" skipped="0" tests="4" time="29.665" timestamp="2025-07-04T20:04:23.903552-07:00" hostname="Seans-MacBook-Pro.local"><testcase classname="integration.test_e2e_integration.TestE2EIntegration" name="test_document_ingestion" time="22.012" /><testcase classname="integration.test_qdrant_server_operations.TestQdrantServerOperations" name="test_batch_operations_server_mode" time="2.053" /><testcase classname="integration.test_qdrant_server_operations.TestQdrantServerOperations" name="test_collection_isolation" time="1.546" /><testcase classname="integration.test_search_integration.TestSearchIntegration" name="test_concurrent_searches" time="3.730" /></testsuite></testsuites>
