<?xml version="1.0" encoding="utf-8"?><testsuites name="pytest tests"><testsuite name="pytest" errors="0" failures="0" skipped="0" tests="4" time="40.349" timestamp="2025-07-04T15:50:28.893100-07:00" hostname="Seans-MacBook-Pro.local"><testcase classname="integration.test_e2e_integration.TestE2EIntegration" name="test_document_ingestion" time="31.454" /><testcase classname="integration.test_qdrant_server_operations.TestQdrantServerOperations" name="test_batch_operations_server_mode" time="3.183" /><testcase classname="integration.test_qdrant_server_operations.TestQdrantServerOperations" name="test_collection_isolation" time="2.313" /><testcase classname="integration.test_search_integration.TestSearchIntegration" name="test_concurrent_searches" time="3.062" /></testsuite></testsuites>
