<?xml version="1.0" encoding="utf-8"?><testsuites name="pytest tests"><testsuite name="pytest" errors="0" failures="0" skipped="0" tests="17" time="67.607" timestamp="2025-07-04T15:48:39.683559-07:00" hostname="Seans-MacBook-Pro.local"><testcase classname="integration.test_e2e_integration.TestE2EIntegration" name="test_queue_management" time="1.044" /><testcase classname="integration.test_e2e_integration.TestSmokeIntegration" name="test_smoke_document_ingestion" time="43.459" /><testcase classname="integration.test_e2e_integration.TestSmokeIntegration" name="test_smoke_keyword_search" time="0.150" /><testcase classname="integration.test_qdrant_server_operations.TestQdrantServerOperations" name="test_document_lifecycle_server_mode" time="1.164" /><testcase classname="integration.test_qdrant_server_operations.TestQdrantServerOperations" name="test_delete_from_vector_index_server_mode" time="0.567" /><testcase classname="integration.test_qdrant_server_operations.TestQdrantServerOperations" name="test_search_vector_server_mode" time="1.722" /><testcase classname="integration.test_qdrant_server_operations.TestQdrantServerOperations" name="test_metadata_preservation_server_mode" time="0.635" /><testcase classname="integration.test_qdrant_server_operations.TestQdrantServerOperations" name="test_search_with_filters_server_mode" time="2.019" /><testcase classname="integration.test_search_integration.TestSearchIntegration" name="test_vector_search_accuracy" time="2.961" /><testcase classname="integration.test_search_integration.TestSearchIntegration" name="test_keyword_search_precision" time="1.652" /><testcase classname="integration.test_search_integration.TestSearchIntegration" name="test_hybrid_search_fusion" time="1.832" /><testcase classname="integration.test_search_integration.TestSearchIntegration" name="test_search_with_filters" time="1.779" /><testcase classname="integration.test_search_integration.TestSearchIntegration" name="test_search_result_scoring" time="2.058" /><testcase classname="integration.test_search_integration.TestSearchIntegration" name="test_empty_index_handling" time="0.486" /><testcase classname="integration.test_search_integration.TestSearchIntegration" name="test_search_pagination" time="3.823" /><testcase classname="integration.test_search_integration.TestSearchIntegration" name="test_search_error_recovery" time="0.484" /><testcase classname="integration.test_search_integration.TestSearchIntegration" name="test_search_special_characters" time="1.423" /></testsuite></testsuites>
