<?xml version="1.0" encoding="utf-8"?><testsuites name="pytest tests"><testsuite name="pytest" errors="0" failures="0" skipped="0" tests="17" time="50.285" timestamp="2025-07-04T20:02:43.989208-07:00" hostname="Seans-MacBook-Pro.local"><testcase classname="integration.test_e2e_integration.TestE2EIntegration" name="test_queue_management" time="1.048" /><testcase classname="integration.test_e2e_integration.TestSmokeIntegration" name="test_smoke_document_ingestion" time="24.705" /><testcase classname="integration.test_e2e_integration.TestSmokeIntegration" name="test_smoke_keyword_search" time="0.157" /><testcase classname="integration.test_qdrant_server_operations.TestQdrantServerOperations" name="test_document_lifecycle_server_mode" time="1.069" /><testcase classname="integration.test_qdrant_server_operations.TestQdrantServerOperations" name="test_delete_from_vector_index_server_mode" time="0.591" /><testcase classname="integration.test_qdrant_server_operations.TestQdrantServerOperations" name="test_search_vector_server_mode" time="1.660" /><testcase classname="integration.test_qdrant_server_operations.TestQdrantServerOperations" name="test_metadata_preservation_server_mode" time="0.605" /><testcase classname="integration.test_qdrant_server_operations.TestQdrantServerOperations" name="test_search_with_filters_server_mode" time="1.493" /><testcase classname="integration.test_search_integration.TestSearchIntegration" name="test_vector_search_accuracy" time="2.373" /><testcase classname="integration.test_search_integration.TestSearchIntegration" name="test_keyword_search_precision" time="1.919" /><testcase classname="integration.test_search_integration.TestSearchIntegration" name="test_hybrid_search_fusion" time="2.165" /><testcase classname="integration.test_search_integration.TestSearchIntegration" name="test_search_with_filters" time="2.003" /><testcase classname="integration.test_search_integration.TestSearchIntegration" name="test_search_result_scoring" time="2.096" /><testcase classname="integration.test_search_integration.TestSearchIntegration" name="test_empty_index_handling" time="0.603" /><testcase classname="integration.test_search_integration.TestSearchIntegration" name="test_search_pagination" time="5.467" /><testcase classname="integration.test_search_integration.TestSearchIntegration" name="test_search_error_recovery" time="0.539" /><testcase classname="integration.test_search_integration.TestSearchIntegration" name="test_search_special_characters" time="1.455" /></testsuite></testsuites>
