<?xml version="1.0" encoding="utf-8"?><testsuites name="pytest tests"><testsuite name="pytest" errors="0" failures="0" skipped="0" tests="30" time="97.346" timestamp="2025-07-04T15:51:11.940838-07:00" hostname="Seans-MacBook-Pro.local"><testcase classname="regression.test_cli_regression.TestCLIBackwardCompatibility" name="test_normal_operation_help" time="2.433" /><testcase classname="regression.test_cli_regression.TestCLIBackwardCompatibility" name="test_normal_operation_subcommand_help" time="14.726" /><testcase classname="regression.test_cli_regression.TestCLIBackwardCompatibility" name="test_missing_dependency_error" time="0.003" /><testcase classname="regression.test_cli_regression.TestCLIBackwardCompatibility" name="test_missing_dependency_cli_main" time="2.485" /><testcase classname="regression.test_cli_regression.TestCLIBackwardCompatibility" name="test_bad_config_path" time="2.478" /><testcase classname="regression.test_cli_regression.TestCLIBackwardCompatibility" name="test_bad_config_path_with_actual_command" time="3.131" /><testcase classname="regression.test_cli_regression.TestCLIBackwardCompatibility" name="test_ctrl_c_simulation" time="0.007" /><testcase classname="regression.test_cli_regression.TestCLIBackwardCompatibility" name="test_ctrl_c_subprocess" time="2.489" /><testcase classname="regression.test_cli_regression.TestCLIBackwardCompatibility" name="test_invalid_arguments" time="7.457" /><testcase classname="regression.test_cli_regression.TestCLIBackwardCompatibility" name="test_value_error_handling" time="2.492" /><testcase classname="regression.test_cli_regression.TestCLIBackwardCompatibility" name="test_file_not_found_error" time="3.148" /><testcase classname="regression.test_cli_regression.TestCLIBackwardCompatibility" name="test_config_load_error_handling" time="0.001" /><testcase classname="regression.test_cli_regression.TestCLIBackwardCompatibility" name="test_import_error_handling" time="0.107" /><testcase classname="regression.test_cli_regression.TestCLIBackwardCompatibility" name="test_connection_error_handling" time="0.012" /><testcase classname="regression.test_cli_regression.TestCLIBackwardCompatibility" name="test_unexpected_error_handling" time="0.010" /><testcase classname="regression.test_cli_regression.TestCLIBackwardCompatibility" name="test_exit_codes_comprehensive" time="5.056" /><testcase classname="regression.test_cli_regression.TestCLIBackwardCompatibility" name="test_logging_to_file_only_for_tracebacks" time="2.490" /><testcase classname="regression.test_cli_regression.TestCLIBackwardCompatibility" name="test_cli_argument_error_with_command_string" time="0.671" /><testcase classname="regression.test_cli_regression.TestCLIBackwardCompatibility" name="test_graceful_degradation_with_missing_components" time="0.007" /><testcase classname="regression.test_cli_regression.TestCLIBackwardCompatibility" name="test_json_output_format_consistency" time="0.006" /><testcase classname="regression.test_cli_regression.TestCLIBackwardCompatibility" name="test_async_operation_cancellation" time="0.109" /><testcase classname="regression.test_cli_regression.TestCLIRegressionSubprocess" name="test_cli_main_executable" time="2.499" /><testcase classname="regression.test_cli_regression.TestCLIRegressionSubprocess" name="test_all_help_commands_work" time="37.632" /><testcase classname="regression.test_cli_regression.TestCLIRegressionSubprocess" name="test_error_scenarios_exit_codes" time="7.503" /><testcase classname="regression.test_migrations_regression" name="test_migration_idempotency" time="0.003" /><testcase classname="regression.test_migrations_regression" name="test_schema_migrations_table_integrity" time="0.003" /><testcase classname="regression.test_migrations_regression" name="test_migration_checksum_verification" time="0.001" /><testcase classname="regression.test_migrations_regression" name="test_migration_rollback_consistency" time="0.002" /><testcase classname="regression.test_migrations_regression" name="test_migration_transaction_atomicity" time="0.001" /><testcase classname="regression.test_migrations_regression" name="test_migration_version_sequence" time="0.002" /></testsuite></testsuites>
