<?xml version="1.0" encoding="utf-8"?><testsuites name="pytest tests"><testsuite name="pytest" errors="0" failures="0" skipped="0" tests="4" time="1.512" timestamp="2025-07-04T20:02:04.992610-07:00" hostname="Seans-MacBook-Pro.local"><testcase classname="security.test_sql_injection.TestSQLInjectionProtection" name="test_registry_add_document_sql_injection" time="0.740" /><testcase classname="security.test_sql_injection.TestSQLInjectionProtection" name="test_keyword_search_sql_injection" time="0.352" /><testcase classname="security.test_sql_injection.TestSQLInjectionProtection" name="test_parameterized_queries_used" time="0.001" /><testcase classname="security.test_sql_injection.TestSQLInjectionProtection" name="test_special_characters_handling" time="0.124" /></testsuite></testsuites>
