<?xml version="1.0" encoding="utf-8"?><testsuites name="pytest tests"><testsuite name="pytest" errors="0" failures="0" skipped="0" tests="7" time="9.779" timestamp="2025-07-04T20:03:37.016048-07:00" hostname="Seans-MacBook-Pro.local"><testcase classname="integration.test_qdrant_server_operations.TestQdrantServerOperations" name="test_document_lifecycle_server_mode" time="1.930" /><testcase classname="integration.test_qdrant_server_operations.TestQdrantServerOperations" name="test_delete_from_vector_index_server_mode" time="0.636" /><testcase classname="integration.test_qdrant_server_operations.TestQdrantServerOperations" name="test_search_vector_server_mode" time="1.596" /><testcase classname="integration.test_qdrant_server_operations.TestQdrantServerOperations" name="test_metadata_preservation_server_mode" time="0.600" /><testcase classname="integration.test_qdrant_server_operations.TestQdrantServerOperations" name="test_batch_operations_server_mode" time="1.486" /><testcase classname="integration.test_qdrant_server_operations.TestQdrantServerOperations" name="test_search_with_filters_server_mode" time="1.467" /><testcase classname="integration.test_qdrant_server_operations.TestQdrantServerOperations" name="test_collection_isolation" time="1.734" /></testsuite></testsuites>
