<?xml version="1.0" encoding="utf-8"?><testsuites name="pytest tests"><testsuite name="pytest" errors="0" failures="0" skipped="0" tests="7" time="9.679" timestamp="2025-07-04T15:49:50.010885-07:00" hostname="Seans-MacBook-Pro.local"><testcase classname="integration.test_qdrant_server_operations.TestQdrantServerOperations" name="test_document_lifecycle_server_mode" time="2.076" /><testcase classname="integration.test_qdrant_server_operations.TestQdrantServerOperations" name="test_delete_from_vector_index_server_mode" time="0.796" /><testcase classname="integration.test_qdrant_server_operations.TestQdrantServerOperations" name="test_search_vector_server_mode" time="1.231" /><testcase classname="integration.test_qdrant_server_operations.TestQdrantServerOperations" name="test_metadata_preservation_server_mode" time="0.658" /><testcase classname="integration.test_qdrant_server_operations.TestQdrantServerOperations" name="test_batch_operations_server_mode" time="1.691" /><testcase classname="integration.test_qdrant_server_operations.TestQdrantServerOperations" name="test_search_with_filters_server_mode" time="1.413" /><testcase classname="integration.test_qdrant_server_operations.TestQdrantServerOperations" name="test_collection_isolation" time="1.471" /></testsuite></testsuites>
