<?xml version="1.0" encoding="utf-8"?><testsuites name="pytest tests"><testsuite name="pytest" errors="0" failures="0" skipped="0" tests="7" time="32.000" timestamp="2025-07-04T20:02:09.213980-07:00" hostname="Seans-MacBook-Pro.local"><testcase classname="integration.test_e2e_integration.TestE2EIntegration" name="test_queue_management" time="1.083" /><testcase classname="integration.test_e2e_integration.TestSmokeIntegration" name="test_smoke_document_ingestion" time="24.462" /><testcase classname="integration.test_e2e_integration.TestSmokeIntegration" name="test_smoke_keyword_search" time="0.141" /><testcase classname="integration.test_search_integration.TestSearchIntegration" name="test_keyword_search_precision" time="1.794" /><testcase classname="integration.test_search_integration.TestSearchIntegration" name="test_hybrid_search_fusion" time="2.021" /><testcase classname="integration.test_search_integration.TestSearchIntegration" name="test_empty_index_handling" time="0.594" /><testcase classname="integration.test_search_integration.TestSearchIntegration" name="test_search_special_characters" time="1.524" /></testsuite></testsuites>
