<?xml version="1.0" encoding="utf-8"?><testsuites name="pytest tests"><testsuite name="pytest" errors="0" failures="0" skipped="0" tests="289" time="43.692" timestamp="2025-07-04T20:01:18.475502-07:00" hostname="Seans-MacBook-Pro.local"><testcase classname="unit.test_cache.TestCacheManager" name="test_basic_cache_operations" time="0.721" /><testcase classname="unit.test_cache.TestCacheManager" name="test_cache_with_large_data" time="0.349" /><testcase classname="unit.test_cache.TestCacheManager" name="test_cache_ttl" time="2.164" /><testcase classname="unit.test_cache.TestCacheManager" name="test_cache_clear" time="0.106" /><testcase classname="unit.test_cache.TestCacheManager" name="test_cache_clear_with_age_filter" time="0.106" /><testcase classname="unit.test_cache.TestCacheManager" name="test_cache_stats" time="0.111" /><testcase classname="unit.test_cache.TestCacheManager" name="test_cache_without_compression" time="0.108" /><testcase classname="unit.test_cache.TestCacheManager" name="test_cache_error_handling" time="0.103" /><testcase classname="unit.test_cache.TestCacheManager" name="test_cache_key_generation" time="0.107" /><testcase classname="unit.test_cache.TestCacheManager" name="test_cache_file_structure" time="0.109" /><testcase classname="unit.test_cli.TestCLI" name="test_parser_creation" time="0.010" /><testcase classname="unit.test_cli.TestCLI" name="test_parse_metadata" time="0.006" /><testcase classname="unit.test_cli.TestCLI" name="test_format_output" time="0.006" /><testcase classname="unit.test_cli.TestCLI" name="test_handle_add" time="0.008" /><testcase classname="unit.test_cli.TestCLI" name="test_handle_search" time="0.007" /><testcase classname="unit.test_cli.TestCLI" name="test_handle_queue_operations" time="0.007" /><testcase classname="unit.test_cli.TestCLI" name="test_handle_status" time="0.007" /><testcase classname="unit.test_cli.TestCLI" name="test_handle_maintenance" time="0.007" /><testcase classname="unit.test_cli.TestCLI" name="test_handle_config" time="0.007" /><testcase classname="unit.test_cli.TestCLI" name="test_error_handling" time="0.006" /><testcase classname="unit.test_cli.TestCLI" name="test_json_output_mode" time="0.007" /><testcase classname="unit.test_cli_formatting.TestOutputFormatter" name="test_format_json_basic" time="0.000" /><testcase classname="unit.test_cli_formatting.TestOutputFormatter" name="test_format_json_custom_indent" time="0.000" /><testcase classname="unit.test_cli_formatting.TestOutputFormatter" name="test_format_json_with_datetime" time="0.000" /><testcase classname="unit.test_cli_formatting.TestOutputFormatter" name="test_format_table_empty" time="0.000" /><testcase classname="unit.test_cli_formatting.TestOutputFormatter" name="test_format_table_basic" time="0.000" /><testcase classname="unit.test_cli_formatting.TestOutputFormatter" name="test_format_table_custom_headers" time="0.000" /><testcase classname="unit.test_cli_formatting.TestOutputFormatter" name="test_format_table_missing_values" time="0.000" /><testcase classname="unit.test_cli_formatting.TestOutputFormatter" name="test_format_table_column_width_calculation" time="0.000" /><testcase classname="unit.test_cli_formatting.TestOutputFormatter" name="test_format_status_simple" time="0.000" /><testcase classname="unit.test_cli_formatting.TestOutputFormatter" name="test_format_status_nested" time="0.000" /><testcase classname="unit.test_cli_formatting.TestOutputFormatter" name="test_format_search_results_empty" time="0.000" /><testcase classname="unit.test_cli_formatting.TestOutputFormatter" name="test_format_search_results_basic" time="0.000" /><testcase classname="unit.test_cli_formatting.TestOutputFormatter" name="test_format_search_results_detailed" time="0.000" /><testcase classname="unit.test_cli_formatting.TestOutputFormatter" name="test_format_search_results_content_truncation" time="0.000" /><testcase classname="unit.test_cli_formatting.TestOutputFormatter" name="test_format_progress_bar_empty" time="0.000" /><testcase classname="unit.test_cli_formatting.TestOutputFormatter" name="test_format_progress_bar_partial" time="0.000" /><testcase classname="unit.test_cli_formatting.TestOutputFormatter" name="test_format_progress_bar_complete" time="0.000" /><testcase classname="unit.test_cli_formatting.TestOutputFormatter" name="test_format_progress_bar_custom_width" time="0.000" /><testcase classname="unit.test_cli_formatting.TestOutputFormatter" name="test_format_duration_seconds" time="0.000" /><testcase classname="unit.test_cli_formatting.TestOutputFormatter" name="test_format_duration_minutes" time="0.000" /><testcase classname="unit.test_cli_formatting.TestOutputFormatter" name="test_format_duration_hours" time="0.000" /><testcase classname="unit.test_cli_formatting.TestOutputFormatter" name="test_format_timestamp" time="0.000" /><testcase classname="unit.test_cli_formatting.TestOutputFormatter" name="test_format_file_size_bytes" time="0.000" /><testcase classname="unit.test_cli_formatting.TestOutputFormatter" name="test_format_file_size_kilobytes" time="0.000" /><testcase classname="unit.test_cli_formatting.TestOutputFormatter" name="test_format_file_size_megabytes" time="0.000" /><testcase classname="unit.test_cli_formatting.TestOutputFormatter" name="test_format_file_size_gigabytes" time="0.000" /><testcase classname="unit.test_cli_formatting.TestOutputFormatter" name="test_format_file_size_terabytes" time="0.000" /><testcase classname="unit.test_cli_simple" name="test_cli_help" time="2.432" /><testcase classname="unit.test_cli_simple" name="test_cli_subcommands" time="12.228" /><testcase classname="unit.test_cli_simple" name="test_queue_subcommands" time="9.837" /><testcase classname="unit.test_cli_simple" name="test_config_subcommands" time="4.929" /><testcase classname="unit.test_cli_validation.TestInputValidator" name="test_validate_file_path_exists" time="0.001" /><testcase classname="unit.test_cli_validation.TestInputValidator" name="test_validate_file_path_not_exists" time="0.001" /><testcase classname="unit.test_cli_validation.TestInputValidator" name="test_validate_file_path_not_file" time="0.001" /><testcase classname="unit.test_cli_validation.TestInputValidator" name="test_validate_file_path_no_existence_check" time="0.000" /><testcase classname="unit.test_cli_validation.TestInputValidator" name="test_validate_directory_path_exists" time="0.000" /><testcase classname="unit.test_cli_validation.TestInputValidator" name="test_validate_directory_path_not_exists" time="0.001" /><testcase classname="unit.test_cli_validation.TestInputValidator" name="test_validate_directory_path_not_directory" time="0.001" /><testcase classname="unit.test_cli_validation.TestInputValidator" name="test_validate_metadata_valid" time="0.000" /><testcase classname="unit.test_cli_validation.TestInputValidator" name="test_validate_metadata_invalid_format" time="0.001" /><testcase classname="unit.test_cli_validation.TestInputValidator" name="test_validate_metadata_empty_key" time="0.000" /><testcase classname="unit.test_cli_validation.TestInputValidator" name="test_validate_json_valid" time="0.000" /><testcase classname="unit.test_cli_validation.TestInputValidator" name="test_validate_json_invalid" time="0.000" /><testcase classname="unit.test_cli_validation.TestInputValidator" name="test_validate_positive_integer_valid" time="0.000" /><testcase classname="unit.test_cli_validation.TestInputValidator" name="test_validate_positive_integer_zero" time="0.000" /><testcase classname="unit.test_cli_validation.TestInputValidator" name="test_validate_positive_integer_negative" time="0.000" /><testcase classname="unit.test_cli_validation.TestInputValidator" name="test_validate_positive_integer_invalid" time="0.001" /><testcase classname="unit.test_cli_validation.TestInputValidator" name="test_validate_choice_valid" time="0.000" /><testcase classname="unit.test_cli_validation.TestInputValidator" name="test_validate_choice_invalid" time="0.000" /><testcase classname="unit.test_cli_validation.TestInputValidator" name="test_validate_search_type_valid" time="0.000" /><testcase classname="unit.test_cli_validation.TestInputValidator" name="test_validate_search_type_invalid" time="0.001" /><testcase classname="unit.test_cli_validation.TestInputValidator" name="test_validate_index_type_valid" time="0.000" /><testcase classname="unit.test_cli_validation.TestInputValidator" name="test_validate_index_type_invalid" time="0.001" /><testcase classname="unit.test_cli_validation.TestInputValidator" name="test_validate_config_key_valid" time="0.000" /><testcase classname="unit.test_cli_validation.TestInputValidator" name="test_validate_config_key_invalid" time="0.001" /><testcase classname="unit.test_cli_validation.TestInputValidator" name="test_validate_filter_expression_valid" time="0.000" /><testcase classname="unit.test_cli_validation.TestInputValidator" name="test_validate_filter_expression_invalid_json" time="0.001" /><testcase classname="unit.test_cli_validation.TestInputValidator" name="test_validate_filter_expression_not_object" time="0.001" /><testcase classname="unit.test_cli_validation.TestInputValidator" name="test_validate_file_patterns_valid" time="0.000" /><testcase classname="unit.test_cli_validation.TestInputValidator" name="test_validate_file_patterns_path_traversal" time="0.001" /><testcase classname="unit.test_cli_validation.TestInputValidator" name="test_validate_file_patterns_too_long" time="0.001" /><testcase classname="unit.test_cli_validation.TestInputValidator" name="test_confirm_destructive_action_yes" time="0.000" /><testcase classname="unit.test_cli_validation.TestInputValidator" name="test_confirm_destructive_action_no" time="0.001" /><testcase classname="unit.test_cli_validation.TestInputValidator" name="test_confirm_destructive_action_force" time="0.000" /><testcase classname="unit.test_cli_validation.TestInputValidator" name="test_confirm_destructive_action_keyboard_interrupt" time="0.000" /><testcase classname="unit.test_cli_validation.TestInputValidator" name="test_validate_workers_count_valid" time="0.000" /><testcase classname="unit.test_cli_validation.TestInputValidator" name="test_validate_workers_count_too_high" time="0.001" /><testcase classname="unit.test_cli_validation.TestInputValidator" name="test_validate_workers_count_invalid" time="0.001" /><testcase classname="unit.test_cli_validation.TestInputValidator" name="test_validate_top_k_valid" time="0.000" /><testcase classname="unit.test_cli_validation.TestInputValidator" name="test_validate_top_k_too_high" time="0.000" /><testcase classname="unit.test_cli_validation.TestInputValidator" name="test_validate_top_k_invalid" time="0.001" /><testcase classname="unit.test_common_utils.TestCustomExceptions" name="test_pipeline_error_base" time="0.000" /><testcase classname="unit.test_common_utils.TestCustomExceptions" name="test_parse_error_inheritance" time="0.000" /><testcase classname="unit.test_common_utils.TestCustomExceptions" name="test_network_error_inheritance" time="0.000" /><testcase classname="unit.test_common_utils.TestCustomExceptions" name="test_cli_argument_error_basic" time="0.000" /><testcase classname="unit.test_common_utils.TestCustomExceptions" name="test_cli_argument_error_with_command" time="0.000" /><testcase classname="unit.test_common_utils.TestCustomExceptions" name="test_dependency_error_basic" time="0.000" /><testcase classname="unit.test_common_utils.TestCustomExceptions" name="test_dependency_error_with_command" time="0.000" /><testcase classname="unit.test_common_utils.TestCustomExceptions" name="test_config_load_error_basic" time="0.000" /><testcase classname="unit.test_common_utils.TestCustomExceptions" name="test_config_load_error_with_command" time="0.000" /><testcase classname="unit.test_common_utils.TestRetryDecorator" name="test_retry_sync_function_success" time="0.000" /><testcase classname="unit.test_common_utils.TestRetryDecorator" name="test_retry_sync_function_eventual_success" time="0.000" /><testcase classname="unit.test_common_utils.TestRetryDecorator" name="test_retry_sync_function_max_attempts_exceeded" time="0.000" /><testcase classname="unit.test_common_utils.TestRetryDecorator" name="test_retry_async_function_success" time="0.001" /><testcase classname="unit.test_common_utils.TestRetryDecorator" name="test_retry_async_function_eventual_success" time="0.001" /><testcase classname="unit.test_common_utils.TestRetryDecorator" name="test_retry_async_function_timeout" time="0.204" /><testcase classname="unit.test_common_utils.TestRetryDecorator" name="test_retry_async_function_timeout_success_on_retry" time="0.106" /><testcase classname="unit.test_common_utils.TestRetryDecorator" name="test_retry_decorator_preserves_function_metadata" time="0.001" /><testcase classname="unit.test_common_utils.TestRetryDecorator" name="test_retry_async_preserves_function_metadata" time="0.002" /><testcase classname="unit.test_common_utils.TestRetryDecorator" name="test_retry_default_parameters" time="0.001" /><testcase classname="unit.test_common_utils.TestLoggingSetup" name="test_setup_logging_with_parameters" time="0.003" /><testcase classname="unit.test_common_utils.TestLoggingSetup" name="test_setup_logging_with_config" time="0.002" /><testcase classname="unit.test_common_utils.TestLoggingSetup" name="test_setup_logging_level_override" time="0.001" /><testcase classname="unit.test_common_utils.TestLoggingSetup" name="test_init_cli_logging" time="0.001" /><testcase classname="unit.test_common_utils.TestLoggingSetup" name="test_logging_handlers_configuration" time="0.001" /><testcase classname="unit.test_common_utils.TestLoggingSetup" name="test_logging_format_consistency" time="0.001" /><testcase classname="unit.test_common_utils.TestIntegrationScenarios" name="test_exception_hierarchy_isinstance_checks" time="0.000" /><testcase classname="unit.test_common_utils.TestIntegrationScenarios" name="test_retry_with_mixed_exceptions" time="0.001" /><testcase classname="unit.test_common_utils.TestIntegrationScenarios" name="test_comprehensive_logging_workflow" time="0.001" /><testcase classname="unit.test_config.TestDataclassDefaults" name="test_pipeline_settings_defaults" time="0.000" /><testcase classname="unit.test_config.TestDataclassDefaults" name="test_validation_settings_defaults" time="0.000" /><testcase classname="unit.test_config.TestDataclassDefaults" name="test_limits_settings_defaults" time="0.000" /><testcase classname="unit.test_config.TestDataclassDefaults" name="test_cache_settings_defaults" time="0.000" /><testcase classname="unit.test_config.TestDataclassDefaults" name="test_batch_settings_defaults" time="0.000" /><testcase classname="unit.test_config.TestDataclassDefaults" name="test_openai_settings_defaults" time="0.000" /><testcase classname="unit.test_config.TestDataclassDefaults" name="test_logging_settings_defaults" time="0.000" /><testcase classname="unit.test_config.TestDataclassDefaults" name="test_monitoring_settings_defaults" time="0.000" /><testcase classname="unit.test_config.TestDataclassDefaults" name="test_qdrant_local_settings_defaults" time="0.000" /><testcase classname="unit.test_config.TestDataclassDefaults" name="test_qdrant_server_settings_defaults" time="0.000" /><testcase classname="unit.test_config.TestDataclassDefaults" name="test_qdrant_settings_defaults" time="0.000" /><testcase classname="unit.test_config.TestDataclassDefaults" name="test_job_queue_settings_defaults" time="0.000" /><testcase classname="unit.test_config.TestDataclassDefaults" name="test_fingerprint_settings_defaults" time="0.000" /><testcase classname="unit.test_config.TestDataclassDefaults" name="test_storage_settings_defaults" time="0.000" /><testcase classname="unit.test_config.TestDataclassDefaults" name="test_search_settings_defaults" time="0.000" /><testcase classname="unit.test_config.TestProcessingProfileDefaults" name="test_processing_profile_defaults" time="0.000" /><testcase classname="unit.test_config.TestProcessingProfileDefaults" name="test_processing_profile_custom_values" time="0.000" /><testcase classname="unit.test_config.TestProcessingProfileDefaults" name="test_processing_profile_settings_defaults" time="0.000" /><testcase classname="unit.test_config.TestPipelineConfigDefaults" name="test_pipeline_config_defaults" time="0.000" /><testcase classname="unit.test_config.TestPipelineConfigDefaults" name="test_pipeline_config_nested_access" time="0.000" /><testcase classname="unit.test_config.TestYAMLConfigLoading" name="test_from_yaml_no_file" time="0.001" /><testcase classname="unit.test_config.TestYAMLConfigLoading" name="test_from_yaml_no_yaml_library" time="0.000" /><testcase classname="unit.test_config.TestYAMLConfigLoading" name="test_from_yaml_empty_file" time="0.001" /><testcase classname="unit.test_config.TestYAMLConfigLoading" name="test_from_yaml_valid_file" time="0.001" /><testcase classname="unit.test_config.TestYAMLConfigLoading" name="test_from_yaml_invalid_yaml" time="0.001" /><testcase classname="unit.test_config.TestYAMLConfigLoading" name="test_from_yaml_partial_config" time="0.001" /><testcase classname="unit.test_config.TestEnvironmentVariableHandling" name="test_openai_api_key_from_environment" time="0.001" /><testcase classname="unit.test_config.TestEnvironmentVariableHandling" name="test_openai_api_key_yaml_overrides_environment" time="0.001" /><testcase classname="unit.test_config.TestConfigFileDiscovery" name="test_config_file_discovery_relative_path" time="0.001" /><testcase classname="unit.test_config.TestMainExecution" name="test_main_execution_mock" time="0.001" /><testcase classname="unit.test_config.TestIntegrationScenarios" name="test_complete_config_scenario" time="0.003" /><testcase classname="unit.test_config.TestIntegrationScenarios" name="test_minimal_config_with_defaults" time="0.001" /><testcase classname="unit.test_document_registry.TestDocumentRegistry" name="test_register_document" time="0.122" /><testcase classname="unit.test_document_registry.TestDocumentRegistry" name="test_update_document_state" time="0.114" /><testcase classname="unit.test_document_registry.TestDocumentRegistry" name="test_list_documents" time="0.111" /><testcase classname="unit.test_document_registry.TestDocumentRegistry" name="test_get_document_by_source" time="0.116" /><testcase classname="unit.test_document_registry.TestDocumentRegistry" name="test_update_index_status" time="0.117" /><testcase classname="unit.test_document_registry.TestDocumentRegistry" name="test_get_statistics" time="0.117" /><testcase classname="unit.test_document_registry.TestDocumentRegistry" name="test_duplicate_document_handling" time="0.113" /><testcase classname="unit.test_document_registry.TestDocumentRegistry" name="test_content_hash_change_detection" time="0.112" /><testcase classname="unit.test_document_registry.TestDocumentRegistry" name="test_metadata_storage" time="0.118" /><testcase classname="unit.test_document_registry.TestDocumentRegistry" name="test_get_pending_documents" time="0.118" /><testcase classname="unit.test_document_registry.TestDocumentRegistry" name="test_remove_document" time="0.115" /><testcase classname="unit.test_document_registry.TestDocumentRegistry" name="test_transaction_handling" time="0.116" /><testcase classname="unit.test_env_utils.TestFindDotenv" name="test_find_dotenv_current_directory" time="0.001" /><testcase classname="unit.test_env_utils.TestFindDotenv" name="test_find_dotenv_parent_directory" time="0.001" /><testcase classname="unit.test_env_utils.TestFindDotenv" name="test_find_dotenv_grandparent_directory" time="0.001" /><testcase classname="unit.test_env_utils.TestFindDotenv" name="test_find_dotenv_not_found" time="0.000" /><testcase classname="unit.test_env_utils.TestFindDotenv" name="test_find_dotenv_default_cwd" time="0.001" /><testcase classname="unit.test_env_utils.TestFindDotenv" name="test_find_dotenv_reaches_filesystem_root" time="0.000" /><testcase classname="unit.test_env_utils.TestLoadEnvironment" name="test_load_environment_success" time="0.001" /><testcase classname="unit.test_env_utils.TestLoadEnvironment" name="test_load_environment_not_found" time="0.000" /><testcase classname="unit.test_env_utils.TestLoadEnvironment" name="test_load_environment_load_fails" time="0.000" /><testcase classname="unit.test_env_utils.TestLoadEnvironment" name="test_load_environment_dotenv_not_installed" time="0.001" /><testcase classname="unit.test_env_utils.TestLoadEnvironment" name="test_load_environment_custom_start_dir" time="0.000" /><testcase classname="unit.test_env_utils.TestLoadEnvironment" name="test_load_environment_no_override" time="0.000" /><testcase classname="unit.test_env_utils.TestEnsureOpenaiKey" name="test_ensure_openai_key_valid" time="0.001" /><testcase classname="unit.test_env_utils.TestEnsureOpenaiKey" name="test_ensure_openai_key_missing" time="0.000" /><testcase classname="unit.test_env_utils.TestEnsureOpenaiKey" name="test_ensure_openai_key_empty" time="0.001" /><testcase classname="unit.test_env_utils.TestEnsureOpenaiKey" name="test_ensure_openai_key_invalid_format" time="0.000" /><testcase classname="unit.test_env_utils.TestEnsureOpenaiKey" name="test_ensure_openai_key_old_format_warning" time="0.000" /><testcase classname="unit.test_env_utils.TestEnsureOpenaiKey" name="test_ensure_openai_key_edge_cases" time="0.001" /><testcase classname="unit.test_env_utils.TestSetupEnvironment" name="test_setup_environment_success" time="0.000" /><testcase classname="unit.test_env_utils.TestSetupEnvironment" name="test_setup_environment_env_load_fails" time="0.000" /><testcase classname="unit.test_env_utils.TestSetupEnvironment" name="test_setup_environment_key_check_fails" time="0.000" /><testcase classname="unit.test_env_utils.TestSetupEnvironment" name="test_setup_environment_custom_start_dir" time="0.005" /><testcase classname="unit.test_env_utils.TestSetupEnvironment" name="test_setup_environment_both_fail" time="0.000" /><testcase classname="unit.test_env_utils.TestIntegrationScenarios" name="test_real_dotenv_file_scenario" time="0.001" /><testcase classname="unit.test_env_utils.TestIntegrationScenarios" name="test_nested_directory_search" time="0.001" /><testcase classname="unit.test_fingerprint.TestFingerprintManager" name="test_compute_fingerprint" time="0.000" /><testcase classname="unit.test_fingerprint.TestFingerprintManager" name="test_store_and_retrieve_fingerprint" time="0.112" /><testcase classname="unit.test_fingerprint.TestFingerprintManager" name="test_update_fingerprint" time="0.112" /><testcase classname="unit.test_fingerprint.TestFingerprintManager" name="test_list_fingerprints" time="0.116" /><testcase classname="unit.test_fingerprint.TestFingerprintManager" name="test_fingerprint_metadata" time="0.108" /><testcase classname="unit.test_fingerprint.TestFingerprintManager" name="test_check_changes" time="0.112" /><testcase classname="unit.test_fingerprint.TestFingerprintManager" name="test_cleanup_old_fingerprints" time="0.116" /><testcase classname="unit.test_fingerprint.TestFingerprintManager" name="test_get_statistics" time="0.113" /><testcase classname="unit.test_fingerprint.TestFingerprintManager" name="test_batch_check_changes" time="0.114" /><testcase classname="unit.test_fingerprint.TestFingerprintManager" name="test_fingerprint_persistence" time="0.108" /><testcase classname="unit.test_fingerprint.TestChangeDetector" name="test_detect_new_file" time="0.002" /><testcase classname="unit.test_fingerprint.TestChangeDetector" name="test_detect_modified_file" time="0.002" /><testcase classname="unit.test_fingerprint.TestChangeDetector" name="test_detect_unchanged_file" time="0.002" /><testcase classname="unit.test_fingerprint.TestChangeDetector" name="test_detect_metadata_only_change" time="0.002" /><testcase classname="unit.test_fingerprint.TestChangeDetector" name="test_batch_change_detection" time="0.004" /><testcase classname="unit.test_fingerprint.TestChangeDetector" name="test_change_detector_with_missing_file" time="0.001" /><testcase classname="unit.test_fingerprint.TestChangeDetector" name="test_get_update_recommendations" time="0.004" /><testcase classname="unit.test_general_validation.TestCustomExceptions" name="test_pipeline_error_base" time="0.000" /><testcase classname="unit.test_general_validation.TestCustomExceptions" name="test_validation_error_inheritance" time="0.000" /><testcase classname="unit.test_general_validation.TestDocumentValidator" name="test_init_default_config" time="0.000" /><testcase classname="unit.test_general_validation.TestDocumentValidator" name="test_init_custom_config" time="0.000" /><testcase classname="unit.test_general_validation.TestDocumentValidator" name="test_validate_url_valid_http" time="0.000" /><testcase classname="unit.test_general_validation.TestDocumentValidator" name="test_validate_url_valid_https" time="0.000" /><testcase classname="unit.test_general_validation.TestDocumentValidator" name="test_validate_url_invalid_scheme" time="0.001" /><testcase classname="unit.test_general_validation.TestDocumentValidator" name="test_validate_url_no_scheme" time="0.000" /><testcase classname="unit.test_general_validation.TestDocumentValidator" name="test_validate_url_too_long" time="0.001" /><testcase classname="unit.test_general_validation.TestDocumentValidator" name="test_validate_url_at_max_length" time="0.000" /><testcase classname="unit.test_general_validation.TestDocumentValidator" name="test_validate_file_valid" time="0.001" /><testcase classname="unit.test_general_validation.TestDocumentValidator" name="test_validate_file_not_exists" time="0.001" /><testcase classname="unit.test_general_validation.TestDocumentValidator" name="test_validate_file_unsupported_extension" time="0.001" /><testcase classname="unit.test_general_validation.TestDocumentValidator" name="test_validate_file_too_large" time="0.001" /><testcase classname="unit.test_general_validation.TestDocumentValidator" name="test_validate_file_custom_max_size" time="0.000" /><testcase classname="unit.test_general_validation.TestDocumentValidator" name="test_validate_file_config_max_size_conversion" time="0.001" /><testcase classname="unit.test_general_validation.TestDocumentValidator" name="test_validate_file_case_insensitive_extension" time="0.000" /><testcase classname="unit.test_general_validation.TestDocumentValidator" name="test_allowed_extensions_set_conversion" time="0.000" /><testcase classname="unit.test_general_validation.TestIntegrationScenarios" name="test_real_pdf_file_validation" time="0.000" /><testcase classname="unit.test_general_validation.TestIntegrationScenarios" name="test_comprehensive_url_validation_scenarios" time="0.000" /><testcase classname="unit.test_general_validation.TestIntegrationScenarios" name="test_mixed_file_types_validation" time="0.001" /><testcase classname="unit.test_general_validation.TestIntegrationScenarios" name="test_edge_case_file_sizes" time="0.001" /><testcase classname="unit.test_index_manager.TestIndexManager" name="test_initialization" time="0.243" /><testcase classname="unit.test_index_manager.TestIndexManager" name="test_index_document" time="0.115" /><testcase classname="unit.test_index_manager.TestIndexManager" name="test_search_hybrid" time="0.117" /><testcase classname="unit.test_index_manager.TestIndexManager" name="test_search_vector_only" time="0.117" /><testcase classname="unit.test_index_manager.TestIndexManager" name="test_search_keyword_only" time="0.116" /><testcase classname="unit.test_index_manager.TestIndexManager" name="test_get_document_nodes" time="0.118" /><testcase classname="unit.test_index_manager.TestIndexManager" name="test_update_document" time="0.112" /><testcase classname="unit.test_index_manager.TestIndexManager" name="test_delete_document" time="0.111" /><testcase classname="unit.test_index_manager.TestIndexManager" name="test_get_statistics" time="0.120" /><testcase classname="unit.test_index_manager.TestIndexManager" name="test_search_by_metadata" time="0.754" /><testcase classname="unit.test_index_manager.TestIndexManager" name="test_rebuild_indexes" time="0.115" /><testcase classname="unit.test_index_manager.TestIndexManager" name="test_verify_index_consistency" time="0.123" /><testcase classname="unit.test_index_manager.TestIndexManager" name="test_error_handling_during_indexing" time="0.960" /><testcase classname="unit.test_index_manager.TestIndexManager" name="test_batch_operations" time="0.119" /><testcase classname="unit.test_index_manager_server_mode.TestIndexManagerServerMode" name="test_delete_from_vector_index_server_mode" time="0.002" /><testcase classname="unit.test_index_manager_server_mode.TestIndexManagerServerMode" name="test_delete_from_vector_index_local_mode" time="0.002" /><testcase classname="unit.test_index_manager_server_mode.TestIndexManagerServerMode" name="test_add_nodes_metadata_handling" time="0.004" /><testcase classname="unit.test_index_manager_server_mode.TestIndexManagerServerMode" name="test_search_vector_result_handling" time="0.002" /><testcase classname="unit.test_index_manager_server_mode.TestIndexManagerServerMode" name="test_remove_document_both_modes" time="0.003" /><testcase classname="unit.test_index_manager_server_mode.TestIndexManagerServerMode" name="test_get_document_chunks_limitation" time="0.002" /><testcase classname="unit.test_job_queue.TestQueueJob" name="test_job_creation" time="0.000" /><testcase classname="unit.test_job_queue.TestQueueJob" name="test_job_priority_comparison" time="0.000" /><testcase classname="unit.test_job_queue.TestDocumentQueue" name="test_submit_job" time="0.108" /><testcase classname="unit.test_job_queue.TestDocumentQueue" name="test_job_priority_ordering" time="0.107" /><testcase classname="unit.test_job_queue.TestDocumentQueue" name="test_job_lifecycle" time="0.114" /><testcase classname="unit.test_job_queue.TestDocumentQueue" name="test_job_cancellation" time="0.111" /><testcase classname="unit.test_job_queue.TestDocumentQueue" name="test_queue_statistics" time="0.111" /><testcase classname="unit.test_job_queue.TestDocumentQueue" name="test_pause_resume" time="0.107" /><testcase classname="unit.test_job_queue.TestJobManager" name="test_create_job" time="0.110" /><testcase classname="unit.test_job_queue.TestJobManager" name="test_get_job" time="0.116" /><testcase classname="unit.test_job_queue.TestJobManager" name="test_update_job_status" time="0.117" /><testcase classname="unit.test_job_queue.TestJobManager" name="test_list_jobs" time="0.115" /><testcase classname="unit.test_job_queue.TestJobManager" name="test_job_persistence" time="0.113" /><testcase classname="unit.test_keyword_index.TestBM25Index" name="test_index_nodes" time="0.116" /><testcase classname="unit.test_keyword_index.TestBM25Index" name="test_search_basic" time="0.112" /><testcase classname="unit.test_keyword_index.TestBM25Index" name="test_search_with_limit" time="0.111" /><testcase classname="unit.test_keyword_index.TestBM25Index" name="test_search_ranking" time="0.114" /><testcase classname="unit.test_keyword_index.TestBM25Index" name="test_sql_injection_protection" time="0.115" /><testcase classname="unit.test_keyword_index.TestBM25Index" name="test_special_characters_in_search" time="0.118" /><testcase classname="unit.test_keyword_index.TestBM25Index" name="test_search_by_part_number" time="0.113" /><testcase classname="unit.test_keyword_index.TestBM25Index" name="test_empty_search" time="0.111" /><testcase classname="unit.test_keyword_index.TestBM25Index" name="test_clean_text_method" time="0.114" /><testcase classname="unit.test_keyword_index.TestBM25Index" name="test_escape_fts5_query_method" time="0.112" /><testcase classname="unit.test_keyword_index.TestBM25Index" name="test_get_stats" time="0.112" /><testcase classname="unit.test_keyword_index.TestBM25Index" name="test_keywords_extraction" time="0.111" /><testcase classname="unit.test_keyword_index.TestBM25Index" name="test_persistence" time="0.111" /><testcase classname="unit.test_migrations" name="test_migration_manager_basic" time="0.002" /><testcase classname="unit.test_migrations" name="test_migration_application" time="0.002" /><testcase classname="unit.test_migrations" name="test_migration_rollback" time="0.002" /><testcase classname="unit.test_migrations" name="test_database_base_integration" time="0.002" /><testcase classname="unit.test_migrations" name="test_migration_file_loading" time="0.001" /><testcase classname="unit.test_qdrant_dual_mode.TestQdrantDualModeConfig" name="test_default_server_mode" time="0.000" /><testcase classname="unit.test_qdrant_dual_mode.TestQdrantDualModeConfig" name="test_server_mode_config" time="0.000" /><testcase classname="unit.test_qdrant_dual_mode.TestQdrantDualModeConfig" name="test_yaml_parsing" time="0.001" /><testcase classname="unit.test_qdrant_dual_mode.TestIndexManagerDualMode" name="test_local_mode_initialization" time="0.002" /><testcase classname="unit.test_qdrant_dual_mode.TestIndexManagerDualMode" name="test_server_mode_initialization" time="0.002" /><testcase classname="unit.test_qdrant_dual_mode.TestIndexManagerDualMode" name="test_collection_creation" time="0.001" /><testcase classname="unit.test_qdrant_server_deletion.TestQdrantServerDeletion" name="test_remove_document_server_mode" time="0.002" /><testcase classname="unit.test_qdrant_server_deletion.TestQdrantServerDeletion" name="test_remove_document_local_mode" time="0.001" /><testcase classname="unit.test_qdrant_server_deletion.TestQdrantServerDeletion" name="test_remove_document_both_indexes" time="0.002" /><testcase classname="unit.test_qdrant_server_deletion.TestQdrantServerDeletion" name="test_remove_document_error_handling" time="0.002" /></testsuite></testsuites>
